# JRE version: Java(TM) SE Runtime Environment (8.0_60-b27) (build 1.8.0_60-b27)
# Java VM: Java HotSpot(TM) 64-Bit Server VM (25.60-b23 mixed mode windows-amd64 compressed oops)
Heap:
 PSYoungGen      total 22016K, used 19708K [0x00000000eb700000, 0x00000000ed280000, 0x0000000100000000)
  eden space 15872K, 96% used [0x00000000eb700000,0x00000000ec5ef070,0x00000000ec680000)
  from space 6144K, 71% used [0x00000000ecc80000,0x00000000ed0d0010,0x00000000ed280000)
  to   space 6144K, 0% used [0x00000000ec680000,0x00000000ec680000,0x00000000ecc80000)
 ParOldGen       total 25088K, used 8925K [0x00000000c2400000, 0x00000000c3c80000, 0x00000000eb700000)
  object space 25088K, 35% used [0x00000000c2400000,0x00000000c2cb75c8,0x00000000c3c80000)
 Metaspace       used 29649K, capacity 30648K, committed 30976K, reserved 1075200K
  class space    used 4004K, capacity 4235K, committed 4352K, reserved 1048576K
GC Heap History (10 events):
Event: 29.998 GC heap before
{Heap before GC invocations=3 (full 0):
 PSYoungGen      total 18432K, used 18400K [0x00000000eb700000, 0x00000000ecb80000, 0x0000000100000000)
  eden space 15872K, 100% used [0x00000000eb700000,0x00000000ec680000,0x00000000ec680000)
  from space 2560K, 98% used [0x00000000ec900000,0x00000000ecb78040,0x00000000ecb80000)
  to   space 2560K, 0% used [0x00000000ec680000,0x00000000ec680000,0x00000000ec900000)
 ParOldGen       total 42496K, used 3717K [0x00000000c2400000, 0x00000000c4d80000, 0x00000000eb700000)
  object space 42496K, 8% used [0x00000000c2400000,0x00000000c27a1468,0x00000000c4d80000)
 Metaspace       used 18748K, capacity 19326K, committed 19456K, reserved 1067008K
  class space    used 2381K, capacity 2548K, committed 2560K, reserved 1048576K
Event: 30.005 GC heap after
Heap after GC invocations=3 (full 0):
 PSYoungGen      total 18432K, used 2544K [0x00000000eb700000, 0x00000000ecb80000, 0x0000000100000000)
  eden space 15872K, 0% used [0x00000000eb700000,0x00000000eb700000,0x00000000ec680000)
  from space 2560K, 99% used [0x00000000ec680000,0x00000000ec8fc030,0x00000000ec900000)
  to   space 2560K, 0% used [0x00000000ec900000,0x00000000ec900000,0x00000000ecb80000)
 ParOldGen       total 42496K, used 4641K [0x00000000c2400000, 0x00000000c4d80000, 0x00000000eb700000)
  object space 42496K, 10% used [0x00000000c2400000,0x00000000c28885f8,0x00000000c4d80000)
 Metaspace       used 18748K, capacity 19326K, committed 19456K, reserved 1067008K
  class space    used 2381K, capacity 2548K, committed 2560K, reserved 1048576K
}
Event: 30.634 GC heap before
{Heap before GC invocations=4 (full 0):
 PSYoungGen      total 18432K, used 14756K [0x00000000eb700000, 0x00000000ecb80000, 0x0000000100000000)
  eden space 15872K, 76% used [0x00000000eb700000,0x00000000ec2ed388,0x00000000ec680000)
  from space 2560K, 99% used [0x00000000ec680000,0x00000000ec8fc030,0x00000000ec900000)
  to   space 2560K, 0% used [0x00000000ec900000,0x00000000ec900000,0x00000000ecb80000)
 ParOldGen       total 42496K, used 4641K [0x00000000c2400000, 0x00000000c4d80000, 0x00000000eb700000)
  object space 42496K, 10% used [0x00000000c2400000,0x00000000c28885f8,0x00000000c4d80000)
 Metaspace       used 20422K, capacity 21232K, committed 21296K, reserved 1067008K
  class space    used 2700K, capacity 2883K, committed 2944K, reserved 1048576K
Event: 30.641 GC heap after
Heap after GC invocations=4 (full 0):
 PSYoungGen      total 18432K, used 2544K [0x00000000eb700000, 0x00000000ecb80000, 0x0000000100000000)
  eden space 15872K, 0% used [0x00000000eb700000,0x00000000eb700000,0x00000000ec680000)
  from space 2560K, 99% used [0x00000000ec900000,0x00000000ecb7c030,0x00000000ecb80000)
  to   space 2560K, 0% used [0x00000000ec680000,0x00000000ec680000,0x00000000ec900000)
 ParOldGen       total 42496K, used 6140K [0x00000000c2400000, 0x00000000c4d80000, 0x00000000eb700000)
  object space 42496K, 14% used [0x00000000c2400000,0x00000000c29ff248,0x00000000c4d80000)
 Metaspace       used 20422K, capacity 21232K, committed 21296K, reserved 1067008K
  class space    used 2700K, capacity 2883K, committed 2944K, reserved 1048576K
}
Event: 30.642 GC heap before
{Heap before GC invocations=5 (full 1):
 PSYoungGen      total 18432K, used 2544K [0x00000000eb700000, 0x00000000ecb80000, 0x0000000100000000)
  eden space 15872K, 0% used [0x00000000eb700000,0x00000000eb700000,0x00000000ec680000)
  from space 2560K, 99% used [0x00000000ec900000,0x00000000ecb7c030,0x00000000ecb80000)
  to   space 2560K, 0% used [0x00000000ec680000,0x00000000ec680000,0x00000000ec900000)
 ParOldGen       total 42496K, used 6140K [0x00000000c2400000, 0x00000000c4d80000, 0x00000000eb700000)
  object space 42496K, 14% used [0x00000000c2400000,0x00000000c29ff248,0x00000000c4d80000)
 Metaspace       used 20422K, capacity 21232K, committed 21296K, reserved 1067008K
  class space    used 2700K, capacity 2883K, committed 2944K, reserved 1048576K
Event: 30.711 GC heap after
Heap after GC invocations=5 (full 1):
 PSYoungGen      total 18432K, used 0K [0x00000000eb700000, 0x00000000ecb80000, 0x0000000100000000)
  eden space 15872K, 0% used [0x00000000eb700000,0x00000000eb700000,0x00000000ec680000)
  from space 2560K, 0% used [0x00000000ec900000,0x00000000ec900000,0x00000000ecb80000)
  to   space 2560K, 0% used [0x00000000ec680000,0x00000000ec680000,0x00000000ec900000)
 ParOldGen       total 25088K, used 6253K [0x00000000c2400000, 0x00000000c3c80000, 0x00000000eb700000)
  object space 25088K, 24% used [0x00000000c2400000,0x00000000c2a1b5b8,0x00000000c3c80000)
 Metaspace       used 20422K, capacity 21232K, committed 21296K, reserved 1067008K
  class space    used 2700K, capacity 2883K, committed 2944K, reserved 1048576K
}
Event: 94.075 GC heap before
{Heap before GC invocations=6 (full 1):
 PSYoungGen      total 18432K, used 15872K [0x00000000eb700000, 0x00000000ecb80000, 0x0000000100000000)
  eden space 15872K, 100% used [0x00000000eb700000,0x00000000ec680000,0x00000000ec680000)
  from space 2560K, 0% used [0x00000000ec900000,0x00000000ec900000,0x00000000ecb80000)
  to   space 2560K, 0% used [0x00000000ec680000,0x00000000ec680000,0x00000000ec900000)
 ParOldGen       total 25088K, used 6253K [0x00000000c2400000, 0x00000000c3c80000, 0x00000000eb700000)
  object space 25088K, 24% used [0x00000000c2400000,0x00000000c2a1b5b8,0x00000000c3c80000)
 Metaspace       used 22519K, capacity 23410K, committed 23424K, reserved 1069056K
  class space    used 2991K, capacity 3200K, committed 3200K, reserved 1048576K
Event: 94.082 GC heap after
Heap after GC invocations=6 (full 1):
 PSYoungGen      total 18432K, used 2528K [0x00000000eb700000, 0x00000000ed280000, 0x0000000100000000)
  eden space 15872K, 0% used [0x00000000eb700000,0x00000000eb700000,0x00000000ec680000)
  from space 2560K, 98% used [0x00000000ec680000,0x00000000ec8f8010,0x00000000ec900000)
  to   space 6144K, 0% used [0x00000000ecc80000,0x00000000ecc80000,0x00000000ed280000)
 ParOldGen       total 25088K, used 8917K [0x00000000c2400000, 0x00000000c3c80000, 0x00000000eb700000)
  object space 25088K, 35% used [0x00000000c2400000,0x00000000c2cb55c8,0x00000000c3c80000)
 Metaspace       used 22519K, capacity 23410K, committed 23424K, reserved 1069056K
  class space    used 2991K, capacity 3200K, committed 3200K, reserved 1048576K
}
Event: 108.084 GC heap before
{Heap before GC invocations=7 (full 1):
 PSYoungGen      total 18432K, used 18400K [0x00000000eb700000, 0x00000000ed280000, 0x0000000100000000)
  eden space 15872K, 100% used [0x00000000eb700000,0x00000000ec680000,0x00000000ec680000)
  from space 2560K, 98% used [0x00000000ec680000,0x00000000ec8f8010,0x00000000ec900000)
  to   space 6144K, 0% used [0x00000000ecc80000,0x00000000ecc80000,0x00000000ed280000)
 ParOldGen       total 25088K, used 8917K [0x00000000c2400000, 0x00000000c3c80000, 0x00000000eb700000)
  object space 25088K, 35% used [0x00000000c2400000,0x00000000c2cb55c8,0x00000000c3c80000)
 Metaspace       used 29482K, capacity 30476K, committed 30976K, reserved 1075200K
  class space    used 3996K, capacity 4225K, committed 4352K, reserved 1048576K
Event: 108.092 GC heap after
Heap after GC invocations=7 (full 1):
 PSYoungGen      total 22016K, used 4416K [0x00000000eb700000, 0x00000000ed280000, 0x0000000100000000)
  eden space 15872K, 0% used [0x00000000eb700000,0x00000000eb700000,0x00000000ec680000)
  from space 6144K, 71% used [0x00000000ecc80000,0x00000000ed0d0010,0x00000000ed280000)
  to   space 6144K, 0% used [0x00000000ec680000,0x00000000ec680000,0x00000000ecc80000)
 ParOldGen       total 25088K, used 8925K [0x00000000c2400000, 0x00000000c3c80000, 0x00000000eb700000)
  object space 25088K, 35% used [0x00000000c2400000,0x00000000c2cb75c8,0x00000000c3c80000)
 Metaspace       used 29482K, capacity 30476K, committed 30976K, reserved 1075200K
  class space    used 3996K, capacity 4225K, committed 4352K, reserved 1048576K
}

