# JRE version: Java(TM) SE Runtime Environment (8.0_60-b27) (build 1.8.0_60-b27)
# Java VM: Java HotSpot(TM) 64-Bit Server VM (25.60-b23 mixed mode windows-amd64 compressed oops)
Heap:
 PSYoungGen      total 34304K, used 19958K [0x00000000eb700000, 0x00000000efa00000, 0x0000000100000000)
  eden space 31744K, 62% used [0x00000000eb700000,0x00000000eca7da50,0x00000000ed600000)
  from space 2560K, 0% used [0x00000000ed600000,0x00000000ed600000,0x00000000ed880000)
  to   space 2560K, 0% used [0x00000000ef780000,0x00000000ef780000,0x00000000efa00000)
 ParOldGen       total 31744K, used 6266K [0x00000000c2400000, 0x00000000c4300000, 0x00000000eb700000)
  object space 31744K, 19% used [0x00000000c2400000,0x00000000c2a1e920,0x00000000c4300000)
 Metaspace       used 29387K, capacity 30398K, committed 30592K, reserved 1075200K
  class space    used 3988K, capacity 4222K, committed 4224K, reserved 1048576K
GC Heap History (8 events):
Event: 7.427 GC heap before
{Heap before GC invocations=1 (full 0):
 PSYoungGen      total 18432K, used 15868K [0x00000000eb700000, 0x00000000ecb80000, 0x0000000100000000)
  eden space 15872K, 99% used [0x00000000eb700000,0x00000000ec67f148,0x00000000ec680000)
  from space 2560K, 0% used [0x00000000ec900000,0x00000000ec900000,0x00000000ecb80000)
  to   space 2560K, 0% used [0x00000000ec680000,0x00000000ec680000,0x00000000ec900000)
 ParOldGen       total 42496K, used 0K [0x00000000c2400000, 0x00000000c4d80000, 0x00000000eb700000)
  object space 42496K, 0% used [0x00000000c2400000,0x00000000c2400000,0x00000000c4d80000)
 Metaspace       used 10175K, capacity 10532K, committed 10752K, reserved 1058816K
  class space    used 1175K, capacity 1266K, committed 1280K, reserved 1048576K
Event: 7.595 GC heap after
Heap after GC invocations=1 (full 0):
 PSYoungGen      total 18432K, used 2544K [0x00000000eb700000, 0x00000000edb00000, 0x0000000100000000)
  eden space 15872K, 0% used [0x00000000eb700000,0x00000000eb700000,0x00000000ec680000)
  from space 2560K, 99% used [0x00000000ec680000,0x00000000ec8fc030,0x00000000ec900000)
  to   space 2560K, 0% used [0x00000000ed880000,0x00000000ed880000,0x00000000edb00000)
 ParOldGen       total 42496K, used 685K [0x00000000c2400000, 0x00000000c4d80000, 0x00000000eb700000)
  object space 42496K, 1% used [0x00000000c2400000,0x00000000c24ab7b0,0x00000000c4d80000)
 Metaspace       used 10175K, capacity 10532K, committed 10752K, reserved 1058816K
  class space    used 1175K, capacity 1266K, committed 1280K, reserved 1048576K
}
Event: 8.727 GC heap before
{Heap before GC invocations=2 (full 0):
 PSYoungGen      total 18432K, used 18413K [0x00000000eb700000, 0x00000000edb00000, 0x0000000100000000)
  eden space 15872K, 99% used [0x00000000eb700000,0x00000000ec67f728,0x00000000ec680000)
  from space 2560K, 99% used [0x00000000ec680000,0x00000000ec8fc030,0x00000000ec900000)
  to   space 2560K, 0% used [0x00000000ed880000,0x00000000ed880000,0x00000000edb00000)
 ParOldGen       total 42496K, used 685K [0x00000000c2400000, 0x00000000c4d80000, 0x00000000eb700000)
  object space 42496K, 1% used [0x00000000c2400000,0x00000000c24ab7b0,0x00000000c4d80000)
 Metaspace       used 14787K, capacity 15174K, committed 15488K, reserved 1062912K
  class space    used 1746K, capacity 1888K, committed 1920K, reserved 1048576K
Event: 8.736 GC heap after
Heap after GC invocations=2 (full 0):
 PSYoungGen      total 34304K, used 2528K [0x00000000eb700000, 0x00000000edb00000, 0x0000000100000000)
  eden space 31744K, 0% used [0x00000000eb700000,0x00000000eb700000,0x00000000ed600000)
  from space 2560K, 98% used [0x00000000ed880000,0x00000000edaf8040,0x00000000edb00000)
  to   space 2560K, 0% used [0x00000000ed600000,0x00000000ed600000,0x00000000ed880000)
 ParOldGen       total 42496K, used 3772K [0x00000000c2400000, 0x00000000c4d80000, 0x00000000eb700000)
  object space 42496K, 8% used [0x00000000c2400000,0x00000000c27af058,0x00000000c4d80000)
 Metaspace       used 14787K, capacity 15174K, committed 15488K, reserved 1062912K
  class space    used 1746K, capacity 1888K, committed 1920K, reserved 1048576K
}
Event: 12.252 GC heap before
{Heap before GC invocations=3 (full 0):
 PSYoungGen      total 34304K, used 27357K [0x00000000eb700000, 0x00000000edb00000, 0x0000000100000000)
  eden space 31744K, 78% used [0x00000000eb700000,0x00000000ecf3f560,0x00000000ed600000)
  from space 2560K, 98% used [0x00000000ed880000,0x00000000edaf8040,0x00000000edb00000)
  to   space 2560K, 0% used [0x00000000ed600000,0x00000000ed600000,0x00000000ed880000)
 ParOldGen       total 42496K, used 3772K [0x00000000c2400000, 0x00000000c4d80000, 0x00000000eb700000)
  object space 42496K, 8% used [0x00000000c2400000,0x00000000c27af058,0x00000000c4d80000)
 Metaspace       used 20351K, capacity 21282K, committed 21296K, reserved 1067008K
  class space    used 2693K, capacity 2932K, committed 2944K, reserved 1048576K
Event: 12.262 GC heap after
Heap after GC invocations=3 (full 0):
 PSYoungGen      total 34304K, used 2544K [0x00000000eb700000, 0x00000000efa00000, 0x0000000100000000)
  eden space 31744K, 0% used [0x00000000eb700000,0x00000000eb700000,0x00000000ed600000)
  from space 2560K, 99% used [0x00000000ed600000,0x00000000ed87c030,0x00000000ed880000)
  to   space 2560K, 0% used [0x00000000ef780000,0x00000000ef780000,0x00000000efa00000)
 ParOldGen       total 42496K, used 6054K [0x00000000c2400000, 0x00000000c4d80000, 0x00000000eb700000)
  object space 42496K, 14% used [0x00000000c2400000,0x00000000c29e98c8,0x00000000c4d80000)
 Metaspace       used 20351K, capacity 21282K, committed 21296K, reserved 1067008K
  class space    used 2693K, capacity 2932K, committed 2944K, reserved 1048576K
}
Event: 12.262 GC heap before
{Heap before GC invocations=4 (full 1):
 PSYoungGen      total 34304K, used 2544K [0x00000000eb700000, 0x00000000efa00000, 0x0000000100000000)
  eden space 31744K, 0% used [0x00000000eb700000,0x00000000eb700000,0x00000000ed600000)
  from space 2560K, 99% used [0x00000000ed600000,0x00000000ed87c030,0x00000000ed880000)
  to   space 2560K, 0% used [0x00000000ef780000,0x00000000ef780000,0x00000000efa00000)
 ParOldGen       total 42496K, used 6054K [0x00000000c2400000, 0x00000000c4d80000, 0x00000000eb700000)
  object space 42496K, 14% used [0x00000000c2400000,0x00000000c29e98c8,0x00000000c4d80000)
 Metaspace       used 20351K, capacity 21282K, committed 21296K, reserved 1067008K
  class space    used 2693K, capacity 2932K, committed 2944K, reserved 1048576K
Event: 12.329 GC heap after
Heap after GC invocations=4 (full 1):
 PSYoungGen      total 34304K, used 0K [0x00000000eb700000, 0x00000000efa00000, 0x0000000100000000)
  eden space 31744K, 0% used [0x00000000eb700000,0x00000000eb700000,0x00000000ed600000)
  from space 2560K, 0% used [0x00000000ed600000,0x00000000ed600000,0x00000000ed880000)
  to   space 2560K, 0% used [0x00000000ef780000,0x00000000ef780000,0x00000000efa00000)
 ParOldGen       total 31744K, used 6266K [0x00000000c2400000, 0x00000000c4300000, 0x00000000eb700000)
  object space 31744K, 19% used [0x00000000c2400000,0x00000000c2a1e920,0x00000000c4300000)
 Metaspace       used 20351K, capacity 21282K, committed 21296K, reserved 1067008K
  class space    used 2693K, capacity 2932K, committed 2944K, reserved 1048576K
}

